# JRE version: OpenJDK Runtime Environment (11.0.10) (build 11.0.10+0-b96-7249189)
# Java VM: OpenJDK 64-Bit Server VM (11.0.10+0-b96-7249189, mixed mode, tiered, compressed oops, g1 gc, windows-amd64)
Heap:
 garbage-first heap   total 312320K, used 238679K [0x0000000080000000, 0x0000000100000000)
  region size 1024K, 51 young (52224K), 2 survivors (2048K)
 Metaspace       used 187932K, capacity 194379K, committed 194560K, reserved 1218560K
  class space    used 23948K, capacity 26325K, committed 26368K, reserved 1048576K
GC Heap History (20 events):
Event: 1401.213 GC heap before
{Heap before GC invocations=114 (full 0):
 garbage-first heap   total 312320K, used 270190K [0x0000000080000000, 0x0000000100000000)
  region size 1024K, 53 young (54272K), 1 survivors (1024K)
 Metaspace       used 173979K, capacity 179487K, committed 179712K, reserved 1204224K
  class space    used 21996K, capacity 23965K, committed 24064K, reserved 1048576K
}
Event: 1401.222 GC heap after
{Heap after GC invocations=115 (full 0):
 garbage-first heap   total 312320K, used 207056K [0x0000000080000000, 0x0000000100000000)
  region size 1024K, 5 young (5120K), 5 survivors (5120K)
 Metaspace       used 173979K, capacity 179487K, committed 179712K, reserved 1204224K
  class space    used 21996K, capacity 23965K, committed 24064K, reserved 1048576K
}
Event: 1401.549 GC heap before
{Heap before GC invocations=115 (full 0):
 garbage-first heap   total 312320K, used 258256K [0x0000000080000000, 0x0000000100000000)
  region size 1024K, 56 young (57344K), 5 survivors (5120K)
 Metaspace       used 175784K, capacity 181311K, committed 181632K, reserved 1206272K
  class space    used 22139K, capacity 24125K, committed 24192K, reserved 1048576K
}
Event: 1401.558 GC heap after
{Heap after GC invocations=116 (full 0):
 garbage-first heap   total 312320K, used 211671K [0x0000000080000000, 0x0000000100000000)
  region size 1024K, 5 young (5120K), 5 survivors (5120K)
 Metaspace       used 175784K, capacity 181311K, committed 181632K, reserved 1206272K
  class space    used 22139K, capacity 24125K, committed 24192K, reserved 1048576K
}
Event: 1401.868 GC heap before
{Heap before GC invocations=116 (full 0):
 garbage-first heap   total 312320K, used 261847K [0x0000000080000000, 0x0000000100000000)
  region size 1024K, 55 young (56320K), 5 survivors (5120K)
 Metaspace       used 176576K, capacity 182051K, committed 182144K, reserved 1208320K
  class space    used 22198K, capacity 24158K, committed 24192K, reserved 1048576K
}
Event: 1401.874 GC heap after
{Heap after GC invocations=117 (full 0):
 garbage-first heap   total 312320K, used 210538K [0x0000000080000000, 0x0000000100000000)
  region size 1024K, 1 young (1024K), 1 survivors (1024K)
 Metaspace       used 176576K, capacity 182051K, committed 182144K, reserved 1208320K
  class space    used 22198K, capacity 24158K, committed 24192K, reserved 1048576K
}
Event: 1402.856 GC heap before
{Heap before GC invocations=118 (full 0):
 garbage-first heap   total 312320K, used 247808K [0x0000000080000000, 0x0000000100000000)
  region size 1024K, 53 young (54272K), 1 survivors (1024K)
 Metaspace       used 178256K, capacity 183779K, committed 183936K, reserved 1208320K
  class space    used 22382K, capacity 24344K, committed 24448K, reserved 1048576K
}
Event: 1402.861 GC heap after
{Heap after GC invocations=119 (full 0):
 garbage-first heap   total 312320K, used 195695K [0x0000000080000000, 0x0000000100000000)
  region size 1024K, 3 young (3072K), 3 survivors (3072K)
 Metaspace       used 178256K, capacity 183779K, committed 183936K, reserved 1208320K
  class space    used 22382K, capacity 24344K, committed 24448K, reserved 1048576K
}
Event: 1403.001 GC heap before
{Heap before GC invocations=119 (full 0):
 garbage-first heap   total 312320K, used 206959K [0x0000000080000000, 0x0000000100000000)
  region size 1024K, 15 young (15360K), 3 survivors (3072K)
 Metaspace       used 178595K, capacity 184143K, committed 184448K, reserved 1210368K
  class space    used 22410K, capacity 24379K, committed 24448K, reserved 1048576K
}
Event: 1403.008 GC heap after
{Heap after GC invocations=120 (full 0):
 garbage-first heap   total 312320K, used 180715K [0x0000000080000000, 0x0000000100000000)
  region size 1024K, 2 young (2048K), 2 survivors (2048K)
 Metaspace       used 178595K, capacity 184143K, committed 184448K, reserved 1210368K
  class space    used 22410K, capacity 24379K, committed 24448K, reserved 1048576K
}
Event: 1404.494 GC heap before
{Heap before GC invocations=120 (full 0):
 garbage-first heap   total 312320K, used 247275K [0x0000000080000000, 0x0000000100000000)
  region size 1024K, 68 young (69632K), 2 survivors (2048K)
 Metaspace       used 178925K, capacity 184575K, committed 184832K, reserved 1210368K
  class space    used 22450K, capacity 24455K, committed 24576K, reserved 1048576K
}
Event: 1404.500 GC heap after
{Heap after GC invocations=121 (full 0):
 garbage-first heap   total 312320K, used 183244K [0x0000000080000000, 0x0000000100000000)
  region size 1024K, 5 young (5120K), 5 survivors (5120K)
 Metaspace       used 178925K, capacity 184575K, committed 184832K, reserved 1210368K
  class space    used 22450K, capacity 24455K, committed 24576K, reserved 1048576K
}
Event: 1405.353 GC heap before
{Heap before GC invocations=121 (full 0):
 garbage-first heap   total 312320K, used 250828K [0x0000000080000000, 0x0000000100000000)
  region size 1024K, 72 young (73728K), 5 survivors (5120K)
 Metaspace       used 179021K, capacity 184674K, committed 184832K, reserved 1210368K
  class space    used 22460K, capacity 24461K, committed 24576K, reserved 1048576K
}
Event: 1405.360 GC heap after
{Heap after GC invocations=122 (full 0):
 garbage-first heap   total 312320K, used 184572K [0x0000000080000000, 0x0000000100000000)
  region size 1024K, 6 young (6144K), 6 survivors (6144K)
 Metaspace       used 179021K, capacity 184674K, committed 184832K, reserved 1210368K
  class space    used 22460K, capacity 24461K, committed 24576K, reserved 1048576K
}
Event: 1407.724 GC heap before
{Heap before GC invocations=122 (full 0):
 garbage-first heap   total 312320K, used 254204K [0x0000000080000000, 0x0000000100000000)
  region size 1024K, 75 young (76800K), 6 survivors (6144K)
 Metaspace       used 179842K, capacity 185546K, committed 185728K, reserved 1210368K
  class space    used 22527K, capacity 24579K, committed 24704K, reserved 1048576K
}
Event: 1407.732 GC heap after
{Heap after GC invocations=123 (full 0):
 garbage-first heap   total 312320K, used 187060K [0x0000000080000000, 0x0000000100000000)
  region size 1024K, 7 young (7168K), 7 survivors (7168K)
 Metaspace       used 179842K, capacity 185546K, committed 185728K, reserved 1210368K
  class space    used 22527K, capacity 24579K, committed 24704K, reserved 1048576K
}
Event: 1409.836 GC heap before
{Heap before GC invocations=124 (full 0):
 garbage-first heap   total 312320K, used 256692K [0x0000000080000000, 0x0000000100000000)
  region size 1024K, 76 young (77824K), 7 survivors (7168K)
 Metaspace       used 181079K, capacity 186853K, committed 187136K, reserved 1212416K
  class space    used 22691K, capacity 24776K, committed 24832K, reserved 1048576K
}
Event: 1409.848 GC heap after
{Heap after GC invocations=125 (full 0):
 garbage-first heap   total 312320K, used 191860K [0x0000000080000000, 0x0000000100000000)
  region size 1024K, 10 young (10240K), 10 survivors (10240K)
 Metaspace       used 181079K, capacity 186853K, committed 187136K, reserved 1212416K
  class space    used 22691K, capacity 24776K, committed 24832K, reserved 1048576K
}
Event: 1409.906 GC heap before
{Heap before GC invocations=125 (full 0):
 garbage-first heap   total 312320K, used 196980K [0x0000000080000000, 0x0000000100000000)
  region size 1024K, 15 young (15360K), 10 survivors (10240K)
 Metaspace       used 181721K, capacity 187573K, committed 187776K, reserved 1212416K
  class space    used 22795K, capacity 24914K, committed 24960K, reserved 1048576K
}
Event: 1409.919 GC heap after
{Heap after GC invocations=126 (full 0):
 garbage-first heap   total 312320K, used 190551K [0x0000000080000000, 0x0000000100000000)
  region size 1024K, 2 young (2048K), 2 survivors (2048K)
 Metaspace       used 181721K, capacity 187573K, committed 187776K, reserved 1212416K
  class space    used 22795K, capacity 24914K, committed 24960K, reserved 1048576K
}

