# JRE version: OpenJDK Runtime Environment (11.0.10) (build 11.0.10+0-b96-7249189)
# Java VM: OpenJDK 64-Bit Server VM (11.0.10+0-b96-7249189, mixed mode, tiered, compressed oops, g1 gc, windows-amd64)
Heap:
 garbage-first heap   total 503808K, used 416503K [0x0000000080000000, 0x0000000100000000)
  region size 1024K, 234 young (239616K), 15 survivors (15360K)
 Metaspace       used 105959K, capacity 108857K, committed 111488K, reserved 1144832K
  class space    used 13751K, capacity 14937K, committed 16000K, reserved 1048576K
GC Heap History (20 events):
Event: 28.144 GC heap before
{Heap before GC invocations=30 (full 0):
 garbage-first heap   total 312320K, used 244321K [0x0000000080000000, 0x0000000100000000)
  region size 1024K, 100 young (102400K), 5 survivors (5120K)
 Metaspace       used 104533K, capacity 107440K, committed 110464K, reserved 1144832K
  class space    used 13733K, capacity 14911K, committed 16000K, reserved 1048576K
}
Event: 28.153 GC heap after
{Heap after GC invocations=31 (full 0):
 garbage-first heap   total 312320K, used 148297K [0x0000000080000000, 0x0000000100000000)
  region size 1024K, 5 young (5120K), 5 survivors (5120K)
 Metaspace       used 104533K, capacity 107440K, committed 110464K, reserved 1144832K
  class space    used 13733K, capacity 14911K, committed 16000K, reserved 1048576K
}
Event: 28.582 GC heap before
{Heap before GC invocations=31 (full 0):
 garbage-first heap   total 312320K, used 248649K [0x0000000080000000, 0x0000000100000000)
  region size 1024K, 103 young (105472K), 5 survivors (5120K)
 Metaspace       used 104687K, capacity 107573K, committed 110464K, reserved 1144832K
  class space    used 13733K, capacity 14911K, committed 16000K, reserved 1048576K
}
Event: 28.599 GC heap after
{Heap after GC invocations=32 (full 0):
 garbage-first heap   total 312320K, used 153811K [0x0000000080000000, 0x0000000100000000)
  region size 1024K, 10 young (10240K), 10 survivors (10240K)
 Metaspace       used 104687K, capacity 107573K, committed 110464K, reserved 1144832K
  class space    used 13733K, capacity 14911K, committed 16000K, reserved 1048576K
}
Event: 29.053 GC heap before
{Heap before GC invocations=32 (full 0):
 garbage-first heap   total 312320K, used 253139K [0x0000000080000000, 0x0000000100000000)
  region size 1024K, 108 young (110592K), 10 survivors (10240K)
 Metaspace       used 105140K, capacity 108052K, committed 110976K, reserved 1144832K
  class space    used 13733K, capacity 14911K, committed 16000K, reserved 1048576K
}
Event: 29.068 GC heap after
{Heap after GC invocations=33 (full 0):
 garbage-first heap   total 374784K, used 160113K [0x0000000080000000, 0x0000000100000000)
  region size 1024K, 14 young (14336K), 14 survivors (14336K)
 Metaspace       used 105140K, capacity 108052K, committed 110976K, reserved 1144832K
  class space    used 13733K, capacity 14911K, committed 16000K, reserved 1048576K
}
Event: 29.392 GC heap before
{Heap before GC invocations=34 (full 0):
 garbage-first heap   total 374784K, used 284017K [0x0000000080000000, 0x0000000100000000)
  region size 1024K, 136 young (139264K), 14 survivors (14336K)
 Metaspace       used 105281K, capacity 108154K, committed 110976K, reserved 1144832K
  class space    used 13738K, capacity 14919K, committed 16000K, reserved 1048576K
}
Event: 29.408 GC heap after
{Heap after GC invocations=35 (full 0):
 garbage-first heap   total 374784K, used 164410K [0x0000000080000000, 0x0000000100000000)
  region size 1024K, 9 young (9216K), 9 survivors (9216K)
 Metaspace       used 105281K, capacity 108154K, committed 110976K, reserved 1144832K
  class space    used 13738K, capacity 14919K, committed 16000K, reserved 1048576K
}
Event: 29.694 GC heap before
{Heap before GC invocations=35 (full 0):
 garbage-first heap   total 374784K, used 293434K [0x0000000080000000, 0x0000000100000000)
  region size 1024K, 135 young (138240K), 9 survivors (9216K)
 Metaspace       used 105474K, capacity 108363K, committed 111232K, reserved 1144832K
  class space    used 13738K, capacity 14919K, committed 16000K, reserved 1048576K
}
Event: 29.717 GC heap after
{Heap after GC invocations=36 (full 0):
 garbage-first heap   total 374784K, used 175005K [0x0000000080000000, 0x0000000100000000)
  region size 1024K, 17 young (17408K), 17 survivors (17408K)
 Metaspace       used 105474K, capacity 108363K, committed 111232K, reserved 1144832K
  class space    used 13738K, capacity 14919K, committed 16000K, reserved 1048576K
}
Event: 29.967 GC heap before
{Heap before GC invocations=36 (full 0):
 garbage-first heap   total 374784K, used 298909K [0x0000000080000000, 0x0000000100000000)
  region size 1024K, 138 young (141312K), 17 survivors (17408K)
 Metaspace       used 105578K, capacity 108504K, committed 111232K, reserved 1144832K
  class space    used 13738K, capacity 14920K, committed 16000K, reserved 1048576K
}
Event: 29.993 GC heap after
{Heap after GC invocations=37 (full 0):
 garbage-first heap   total 374784K, used 180712K [0x0000000080000000, 0x0000000100000000)
  region size 1024K, 7 young (7168K), 7 survivors (7168K)
 Metaspace       used 105578K, capacity 108504K, committed 111232K, reserved 1144832K
  class space    used 13738K, capacity 14920K, committed 16000K, reserved 1048576K
}
Event: 30.201 GC heap before
{Heap before GC invocations=37 (full 0):
 garbage-first heap   total 374784K, used 302568K [0x0000000080000000, 0x0000000100000000)
  region size 1024K, 127 young (130048K), 7 survivors (7168K)
 Metaspace       used 105669K, capacity 108582K, committed 111488K, reserved 1144832K
  class space    used 13738K, capacity 14920K, committed 16000K, reserved 1048576K
}
Event: 30.223 GC heap after
{Heap after GC invocations=38 (full 0):
 garbage-first heap   total 503808K, used 184051K [0x0000000080000000, 0x0000000100000000)
  region size 1024K, 10 young (10240K), 10 survivors (10240K)
 Metaspace       used 105669K, capacity 108582K, committed 111488K, reserved 1144832K
  class space    used 13738K, capacity 14920K, committed 16000K, reserved 1048576K
}
Event: 30.859 GC heap before
{Heap before GC invocations=39 (full 0):
 garbage-first heap   total 503808K, used 367347K [0x0000000080000000, 0x0000000100000000)
  region size 1024K, 189 young (193536K), 10 survivors (10240K)
 Metaspace       used 105878K, capacity 108772K, committed 111488K, reserved 1144832K
  class space    used 13744K, capacity 14930K, committed 16000K, reserved 1048576K
}
Event: 30.877 GC heap after
{Heap after GC invocations=40 (full 0):
 garbage-first heap   total 503808K, used 188827K [0x0000000080000000, 0x0000000100000000)
  region size 1024K, 15 young (15360K), 15 survivors (15360K)
 Metaspace       used 105878K, capacity 108772K, committed 111488K, reserved 1144832K
  class space    used 13744K, capacity 14930K, committed 16000K, reserved 1048576K
}
Event: 31.254 GC heap before
{Heap before GC invocations=40 (full 0):
 garbage-first heap   total 503808K, used 384411K [0x0000000080000000, 0x0000000100000000)
  region size 1024K, 207 young (211968K), 15 survivors (15360K)
 Metaspace       used 105914K, capacity 108844K, committed 111488K, reserved 1144832K
  class space    used 13746K, capacity 14933K, committed 16000K, reserved 1048576K
}
Event: 31.274 GC heap after
{Heap after GC invocations=41 (full 0):
 garbage-first heap   total 503808K, used 191544K [0x0000000080000000, 0x0000000100000000)
  region size 1024K, 14 young (14336K), 14 survivors (14336K)
 Metaspace       used 105914K, capacity 108844K, committed 111488K, reserved 1144832K
  class space    used 13746K, capacity 14933K, committed 16000K, reserved 1048576K
}
Event: 31.718 GC heap before
{Heap before GC invocations=41 (full 0):
 garbage-first heap   total 503808K, used 416824K [0x0000000080000000, 0x0000000100000000)
  region size 1024K, 234 young (239616K), 14 survivors (14336K)
 Metaspace       used 105949K, capacity 108854K, committed 111488K, reserved 1144832K
  class space    used 13750K, capacity 14936K, committed 16000K, reserved 1048576K
}
Event: 31.736 GC heap after
{Heap after GC invocations=42 (full 0):
 garbage-first heap   total 503808K, used 193271K [0x0000000080000000, 0x0000000100000000)
  region size 1024K, 15 young (15360K), 15 survivors (15360K)
 Metaspace       used 105949K, capacity 108854K, committed 111488K, reserved 1144832K
  class space    used 13750K, capacity 14936K, committed 16000K, reserved 1048576K
}

